TN:
SF:endpoints\auth.js
FN:11,(anonymous_0)
FN:31,(anonymous_1)
FN:43,(anonymous_2)
FNF:3
FNH:3
FNDA:34,(anonymous_0)
FNDA:26,(anonymous_1)
FNDA:26,(anonymous_2)
DA:1,1
DA:2,1
DA:3,1
DA:4,1
DA:7,1
DA:11,1
DA:13,34
DA:21,34
DA:22,34
DA:24,34
DA:26,8
DA:28,8
DA:31,26
DA:32,26
DA:34,0
DA:40,0
DA:43,26
DA:44,26
DA:46,1
DA:51,1
DA:55,25
DA:56,25
DA:63,25
DA:64,25
DA:65,25
DA:70,1
LF:26
LH:24
BRDA:22,0,0,34
BRDA:22,0,1,26
BRDA:24,1,0,8
BRDA:32,2,0,0
BRDA:44,3,0,1
BRF:5
BRH:4
end_of_record
TN:
SF:endpoints\orders.js
FN:15,(anonymous_0)
FN:18,(anonymous_1)
FN:53,(anonymous_2)
FN:66,(anonymous_3)
FN:93,(anonymous_4)
FN:162,(anonymous_5)
FN:191,(anonymous_6)
FNF:7
FNH:7
FNDA:1,(anonymous_0)
FNDA:2,(anonymous_1)
FNDA:3,(anonymous_2)
FNDA:4,(anonymous_3)
FNDA:4,(anonymous_4)
FNDA:1,(anonymous_5)
FNDA:1,(anonymous_6)
DA:1,1
DA:3,1
DA:5,1
DA:6,1
DA:8,1
DA:9,1
DA:12,1
DA:15,1
DA:18,1
DA:19,2
DA:22,2
DA:32,2
DA:34,1
DA:36,1
DA:40,1
DA:41,1
DA:43,1
DA:45,0
DA:46,0
DA:53,1
DA:54,3
DA:55,3
DA:56,3
DA:58,0
DA:59,0
DA:66,1
DA:67,4
DA:68,4
DA:69,4
DA:71,4
DA:74,3
DA:75,0
DA:79,3
DA:81,1
DA:86,0
DA:93,1
DA:94,4
DA:96,4
DA:97,4
DA:108,4
DA:111,4
DA:112,4
DA:113,4
DA:115,4
DA:116,4
DA:119,4
DA:120,4
DA:127,4
DA:128,0
DA:135,4
DA:138,0
DA:143,0
DA:149,0
DA:155,0
DA:162,1
DA:163,1
DA:164,1
DA:165,1
DA:168,1
DA:169,0
DA:174,1
DA:175,1
DA:176,1
DA:178,0
DA:183,0
DA:184,0
DA:191,1
DA:192,1
DA:193,1
DA:194,1
DA:196,1
DA:197,0
DA:202,1
DA:203,1
DA:205,0
LF:75
LH:58
BRDA:32,0,0,1
BRDA:71,1,0,3
BRDA:71,1,1,1
BRDA:74,2,0,0
BRDA:74,3,0,3
BRDA:74,3,1,2
BRDA:115,4,0,4
BRDA:115,4,1,0
BRDA:127,5,0,0
BRDA:168,6,0,0
BRDA:168,7,0,1
BRDA:168,7,1,1
BRDA:174,8,0,1
BRDA:174,8,1,0
BRDA:196,9,0,0
BRDA:196,10,0,1
BRDA:196,10,1,1
BRF:17
BRH:11
end_of_record
TN:
SF:endpoints\users.js
FN:14,(anonymous_0)
FN:19,(anonymous_1)
FN:50,(anonymous_2)
FN:52,(anonymous_3)
FN:106,(anonymous_4)
FN:126,(anonymous_5)
FN:146,(anonymous_6)
FN:174,(anonymous_7)
FN:187,(anonymous_8)
FN:212,(anonymous_9)
FNF:10
FNH:9
FNDA:1,(anonymous_0)
FNDA:12,(anonymous_1)
FNDA:10,(anonymous_2)
FNDA:10,(anonymous_3)
FNDA:2,(anonymous_4)
FNDA:1,(anonymous_5)
FNDA:4,(anonymous_6)
FNDA:1,(anonymous_7)
FNDA:2,(anonymous_8)
FNDA:0,(anonymous_9)
DA:1,1
DA:2,1
DA:4,1
DA:6,1
DA:7,1
DA:9,1
DA:10,1
DA:12,1
DA:14,1
DA:19,1
DA:20,12
DA:23,12
DA:24,1
DA:29,11
DA:30,11
DA:31,10
DA:32,10
DA:33,9
DA:34,9
DA:35,7
DA:37,1
DA:42,3
DA:43,3
DA:50,1
DA:51,10
DA:52,10
DA:53,10
DA:54,0
DA:57,0
DA:59,10
DA:60,0
DA:66,10
DA:71,10
DA:72,1
DA:78,9
DA:85,9
DA:98,0
DA:99,0
DA:106,1
DA:107,2
DA:109,2
DA:110,1
DA:115,1
DA:116,1
DA:118,0
DA:119,0
DA:126,1
DA:127,1
DA:129,1
DA:130,0
DA:134,1
DA:135,1
DA:136,1
DA:138,0
DA:139,0
DA:146,1
DA:147,4
DA:149,4
DA:150,1
DA:154,3
DA:155,3
DA:156,3
DA:157,1
DA:162,2
DA:163,2
DA:165,0
DA:174,1
DA:175,1
DA:176,1
DA:177,1
DA:179,0
DA:180,0
DA:187,1
DA:188,2
DA:189,2
DA:190,2
DA:191,2
DA:192,1
DA:196,1
DA:197,1
DA:199,0
DA:204,0
DA:205,0
DA:212,1
DA:213,0
DA:216,0
DA:217,0
DA:222,0
DA:223,0
DA:224,0
DA:226,0
DA:227,0
LF:92
LH:68
BRDA:23,0,0,1
BRDA:30,1,0,10
BRDA:30,1,1,1
BRDA:53,2,0,0
BRDA:59,3,0,0
BRDA:71,4,0,1
BRDA:109,5,0,1
BRDA:129,6,0,0
BRDA:149,7,0,1
BRDA:156,8,0,1
BRDA:190,9,0,2
BRDA:190,9,1,0
BRDA:191,10,0,1
BRDA:216,11,0,0
BRF:14
BRH:9
end_of_record
TN:
SF:models\order.js
FNF:0
FNH:0
DA:2,2
DA:4,1
DA:5,2
DA:22,2
DA:24,2
LF:5
LH:5
BRF:0
BRH:0
end_of_record
TN:
SF:models\user.js
FN:18,(anonymous_0)
FN:17,(anonymous_0)
FNF:2
FNH:1
FNDA:0,(anonymous_0)
FNDA:9,(anonymous_0)
DA:2,2
DA:4,1
DA:5,1
DA:18,10
DA:19,1
DA:39,1
DA:41,2
LF:7
LH:7
BRF:0
BRH:0
end_of_record
